[20/May/2016:15:31:08] ENGINE Bus STARTING
[20/May/2016:15:31:08] ENGINE Started monitor thread '_TimeoutMonitor'.
[20/May/2016:15:31:08] ENGINE Started monitor thread 'Autoreloader'.
[20/May/2016:15:31:08] ENGINE Serving on http://0.0.0.0
[20/May/2016:15:31:08] ENGINE Bus STARTED
[20/May/2016:15:31:10] ENGINE Bus STARTING
[20/May/2016:15:31:10] ENGINE Started monitor thread '_TimeoutMonitor'.
[20/May/2016:15:31:10] ENGINE Started monitor thread 'Autoreloader'.
[20/May/2016:15:31:10] ENGINE Serving on http://0.0.0.0
[20/May/2016:15:31:10] ENGINE Bus STARTED
[20/May/2016:15:34:56] ENGINE Restarting because /server/app.py changed.
[20/May/2016:15:34:56] ENGINE Stopped thread 'Autoreloader'.
[20/May/2016:15:34:56] ENGINE Bus STOPPING
[20/May/2016:15:34:56] ENGINE HTTP Server cherrypy._cpwsgi_server.CPWSGIServer(('0.0.0.0', 80)) shut down
[20/May/2016:15:34:56] ENGINE Stopped thread '_TimeoutMonitor'.
[20/May/2016:15:34:56] ENGINE Bus STOPPED
[20/May/2016:15:34:56] ENGINE Bus EXITING
[20/May/2016:15:34:56] ENGINE Bus EXITED
[20/May/2016:15:34:56] ENGINE Waiting for child threads to terminate...
[20/May/2016:15:34:56] ENGINE Re-spawning /server/server.py
[20/May/2016:15:34:57] ENGINE Bus STARTING
[20/May/2016:15:34:57] ENGINE Started monitor thread '_TimeoutMonitor'.
[20/May/2016:15:34:57] ENGINE Started monitor thread 'Autoreloader'.
[20/May/2016:15:34:57] ENGINE Serving on http://0.0.0.0
[20/May/2016:15:34:57] ENGINE Bus STARTED
[20/May/2016:15:35:02] ENGINE Bus STARTING
[20/May/2016:15:35:02] ENGINE Started monitor thread '_TimeoutMonitor'.
[20/May/2016:15:35:02] ENGINE Started monitor thread 'Autoreloader'.
[20/May/2016:15:35:02] ENGINE Serving on http://0.0.0.0
[20/May/2016:15:35:02] ENGINE Bus STARTED
